<?xml version="1.0" encoding="UTF-8"?>
<testng-results skipped="0" failed="0" ignored="0" total="1" passed="1">
  <reporter-output>
  </reporter-output>
  <suite name="Default suite" duration-ms="2738" started-at="2020-12-23T13:00:53Z" finished-at="2020-12-23T13:00:56Z">
    <groups>
    </groups>
    <test name="Default test" duration-ms="2738" started-at="2020-12-23T13:00:53Z" finished-at="2020-12-23T13:00:56Z">
      <class name="tests.PostRequest">
        <test-method status="PASS" signature="postRequest()[pri:0, instance:tests.PostRequest@8519cb4]" name="postRequest" duration-ms="2694" started-at="2020-12-23T18:30:54Z" finished-at="2020-12-23T18:30:56Z">
          <reporter-output>
          </reporter-output>
        </test-method> <!-- postRequest -->
      </class> <!-- tests.PostRequest -->
    </test> <!-- Default test -->
  </suite> <!-- Default suite -->
</testng-results>
